<?xml version="1.0" encoding="UTF-8"?>
<!-- Generated by org.testng.reporters.JUnitXMLReporter -->
<testsuite hostname="LAPTOP-DEFT9I3H" ignored="3" name="Regression TestChrome" tests="10" failures="1" timestamp="2020-07-26T18:53:17 IST" time="93.022" errors="0">
  <testcase name="getWebsite" time="2.202" classname="com.zigwheels.test.ZigwheelsTest"/>
  <testcase name="usedCars" time="8.813" classname="com.zigwheels.test.ZigwheelsTest"/>
  <testcase name="assertCars" time="0.053" classname="com.zigwheels.test.ZigwheelsTest"/>
  <testcase name="switchLogin" time="4.981" classname="com.zigwheels.test.ZigwheelsTest"/>
  <testcase name="LoginPage" time="0.664" classname="com.zigwheels.test.ZigwheelsTest"/>
  <testcase name="assertBug" time="30.856" classname="com.zigwheels.test.ZigwheelsTest">
    <failure type="java.lang.AssertionError" message="expected [Sorry, something went wrong.] but found [Sorry, something went wrong.1]">
      <![CDATA[java.lang.AssertionError: expected [Sorry, something went wrong.] but found [Sorry, something went wrong.1]
at com.zigwheels.test.ZigwheelsTest.assertBug(ZigwheelsTest.java:238)
at java.util.ArrayList.forEach(ArrayList.java:1259)
... Removed 32 stack frames]]>
    </failure>
  </testcase> <!-- assertBug -->
  <testcase name="getWebsite" time="1.463" classname="com.zigwheels.test.ZigWheelsValidTest"/>
  <testcase name="Login" time="6.427" classname="com.zigwheels.test.ZigWheelsValidTest"/>
  <testcase name="LoginPage" time="0.304" classname="com.zigwheels.test.ZigWheelsValidTest"/>
  <testcase name="assertReEnterPass" time="23.616" classname="com.zigwheels.test.ZigWheelsValidTest"/>
  <testcase name="uiHandles" time="0.0" classname="com.zigwheels.test.ZigwheelsTest">
    <ignored/>
  </testcase> <!-- uiHandles -->
  <testcase name="takeScreenshot" time="0.0" classname="com.zigwheels.test.ZigwheelsTest">
    <ignored/>
  </testcase> <!-- takeScreenshot -->
  <testcase name="writeExcel" time="0.0" classname="com.zigwheels.test.ZigwheelsTest">
    <ignored/>
  </testcase> <!-- writeExcel -->
</testsuite> <!-- Regression TestChrome -->
